2025-11-25 17:42:04,770 | INFO | Counting rows for each selected ticker...
2025-11-25 17:42:04,862 | DEBUG | EXC.N.parquet: 219785 rows (meets expected 219785)
2025-11-25 17:42:04,898 | WARNING | MA.N.parquet: 192793 rows (below expected 219785)
2025-11-25 17:42:04,929 | WARNING | GOOG.OQ.parquet: 219361 rows (below expected 219785)
2025-11-25 17:42:04,969 | WARNING | GOOGL.OQ.parquet: 219049 rows (below expected 219785)
2025-11-25 17:42:04,992 | WARNING | PEP.N.parquet: 193066 rows (below expected 219785)
2025-11-25 17:42:05,024 | WARNING | AMGN.OQ.parquet: 219438 rows (below expected 219785)
2025-11-25 17:42:05,055 | WARNING | BK.N.parquet: 192679 rows (below expected 219785)
2025-11-25 17:42:05,079 | WARNING | F.N.parquet: 192741 rows (below expected 219785)
2025-11-25 17:42:05,099 | WARNING | C.N.parquet: 193058 rows (below expected 219785)
2025-11-25 17:42:05,125 | WARNING | CVS.N.parquet: 193102 rows (below expected 219785)
2025-11-25 17:42:05,143 | WARNING | VZ.N.parquet: 195939 rows (below expected 219785)
2025-11-25 17:42:05,172 | WARNING | DIS.N.parquet: 196178 rows (below expected 219785)
2025-11-25 17:42:05,206 | WARNING | JNJ.N.parquet: 196229 rows (below expected 219785)
2025-11-25 17:42:05,226 | WARNING | HAL.N.parquet: 193070 rows (below expected 219785)
2025-11-25 17:42:05,249 | WARNING | UNP.N.parquet: 193071 rows (below expected 219785)
2025-11-25 17:42:05,273 | WARNING | GS.N.parquet: 195962 rows (below expected 219785)
2025-11-25 17:42:05,291 | WARNING | DOW.N.parquet: 196248 rows (below expected 219785)
2025-11-25 17:42:05,318 | WARNING | SBUX.OQ.parquet: 219507 rows (below expected 219785)
2025-11-25 17:42:05,344 | WARNING | SO.N.parquet: 193067 rows (below expected 219785)
2025-11-25 17:42:05,371 | WARNING | V.N.parquet: 196244 rows (below expected 219785)
2025-11-25 17:42:05,385 | WARNING | T.N.parquet: 192787 rows (below expected 219785)
2025-11-25 17:42:05,415 | WARNING | CSCO.OQ.parquet: 219519 rows (below expected 219785)
2025-11-25 17:42:05,431 | WARNING | USB.N.parquet: 192820 rows (below expected 219785)
2025-11-25 17:42:05,458 | WARNING | RTN.N.parquet: 193043 rows (below expected 219785)
2025-11-25 17:42:05,486 | WARNING | MSFT.OQ.parquet: 219203 rows (below expected 219785)
2025-11-25 17:42:05,509 | WARNING | UNH.N.parquet: 196226 rows (below expected 219785)
2025-11-25 17:42:05,527 | DEBUG | AAPL.OQ.parquet: 219785 rows (meets expected 219785)
2025-11-25 17:42:05,544 | WARNING | ABT.N.parquet: 193123 rows (below expected 219785)
2025-11-25 17:42:05,565 | WARNING | OXY.N.parquet: 193068 rows (below expected 219785)
2025-11-25 17:42:05,590 | WARNING | COST.OQ.parquet: 219466 rows (below expected 219785)
2025-11-25 17:42:05,609 | WARNING | NKE.N.parquet: 196253 rows (below expected 219785)
2025-11-25 17:42:05,632 | WARNING | MON.N.parquet: 192608 rows (below expected 219785)
2025-11-25 17:42:05,656 | WARNING | HD.N.parquet: 195821 rows (below expected 219785)
2025-11-25 17:42:05,678 | WARNING | SPG.N.parquet: 192802 rows (below expected 219785)
2025-11-25 17:42:05,695 | WARNING | DD.N.parquet: 192698 rows (below expected 219785)
2025-11-25 17:42:05,750 | WARNING | LOW.N.parquet: 193045 rows (below expected 219785)
2025-11-25 17:42:05,782 | WARNING | MCD.N.parquet: 195869 rows (below expected 219785)
2025-11-25 17:42:05,805 | WARNING | LMT.N.parquet: 192817 rows (below expected 219785)
2025-11-25 17:42:05,825 | WARNING | ACN.N.parquet: 192675 rows (below expected 219785)
2025-11-25 17:42:05,843 | WARNING | UPS.N.parquet: 192801 rows (below expected 219785)
2025-11-25 17:42:05,863 | WARNING | KMI.N.parquet: 193114 rows (below expected 219785)
2025-11-25 17:42:05,880 | WARNING | COP.N.parquet: 193134 rows (below expected 219785)
2025-11-25 17:42:05,901 | WARNING | NEE.N.parquet: 193087 rows (below expected 219785)
2025-11-25 17:42:05,921 | WARNING | PFE.N.parquet: 193123 rows (below expected 219785)
2025-11-25 17:42:05,945 | WARNING | MDT.N.parquet: 193080 rows (below expected 219785)
2025-11-25 17:42:06,008 | WARNING | INTC.OQ.parquet: 219509 rows (below expected 219785)
2025-11-25 17:42:06,111 | WARNING | HON.N.parquet: 196151 rows (below expected 219785)
2025-11-25 17:42:06,134 | WARNING | MS.N.parquet: 193043 rows (below expected 219785)
2025-11-25 17:42:06,159 | WARNING | FOXA.OQ.parquet: 219460 rows (below expected 219785)
2025-11-25 17:42:06,189 | WARNING | COF.N.parquet: 193052 rows (below expected 219785)
2025-11-25 17:42:06,217 | WARNING | DHR.N.parquet: 192779 rows (below expected 219785)
2025-11-25 17:42:06,240 | WARNING | UTX.N.parquet: 193077 rows (below expected 219785)
2025-11-25 17:42:06,260 | WARNING | WFC.N.parquet: 193006 rows (below expected 219785)
2025-11-25 17:42:06,281 | WARNING | BMY.N.parquet: 193082 rows (below expected 219785)
2025-11-25 17:42:06,311 | WARNING | CELG.OQ.parquet: 219447 rows (below expected 219785)
2025-11-25 17:42:06,331 | WARNING | LLY.N.parquet: 193117 rows (below expected 219785)
2025-11-25 17:42:06,361 | WARNING | BIIB.OQ.parquet: 219276 rows (below expected 219785)
2025-11-25 17:42:06,379 | WARNING | BAC.N.parquet: 193128 rows (below expected 219785)
2025-11-25 17:42:06,405 | WARNING | AIG.N.parquet: 193154 rows (below expected 219785)
2025-11-25 17:42:06,428 | WARNING | DUK.N.parquet: 193105 rows (below expected 219785)
2025-11-25 17:42:06,455 | WARNING | PCLN.OQ.parquet: 214475 rows (below expected 219785)
2025-11-25 17:42:06,480 | WARNING | MET.N.parquet: 193139 rows (below expected 219785)
2025-11-25 17:42:06,503 | WARNING | PM.N.parquet: 193111 rows (below expected 219785)
2025-11-25 17:42:06,527 | WARNING | PG.N.parquet: 195711 rows (below expected 219785)
2025-11-25 17:42:06,543 | WARNING | MRK.N.parquet: 196190 rows (below expected 219785)
2025-11-25 17:42:06,564 | WARNING | BLK.N.parquet: 192359 rows (below expected 219785)
2025-11-25 17:42:06,587 | WARNING | GILD.OQ.parquet: 219442 rows (below expected 219785)
2025-11-25 17:42:06,609 | WARNING | AXP.N.parquet: 196156 rows (below expected 219785)
2025-11-25 17:42:06,631 | WARNING | IBM.N.parquet: 196253 rows (below expected 219785)
2025-11-25 17:42:06,650 | WARNING | TGT.N.parquet: 193028 rows (below expected 219785)
2025-11-25 17:42:06,670 | WARNING | JPM.N.parquet: 195970 rows (below expected 219785)
2025-11-25 17:42:06,686 | WARNING | GM.N.parquet: 192826 rows (below expected 219785)
2025-11-25 17:42:06,704 | WARNING | SLB.N.parquet: 193054 rows (below expected 219785)
2025-11-25 17:42:06,728 | WARNING | BA.N.parquet: 196248 rows (below expected 219785)
2025-11-25 17:42:06,747 | WARNING | GE.N.parquet: 193190 rows (below expected 219785)
2025-11-25 17:42:06,762 | WARNING | WMT.N.parquet: 196250 rows (below expected 219785)
2025-11-25 17:42:06,778 | WARNING | CMCSA.OQ.parquet: 219141 rows (below expected 219785)
2025-11-25 17:42:06,794 | WARNING | MDLZ.OQ.parquet: 219463 rows (below expected 219785)
2025-11-25 17:42:06,812 | WARNING | TWX.N.parquet: 192762 rows (below expected 219785)
2025-11-25 17:42:06,830 | WARNING | QCOM.OQ.parquet: 219192 rows (below expected 219785)
2025-11-25 17:42:06,853 | WARNING | FDX.N.parquet: 193031 rows (below expected 219785)
2025-11-25 17:42:06,873 | WARNING | CL.N.parquet: 193143 rows (below expected 219785)
2025-11-25 17:42:06,896 | WARNING | CVX.N.parquet: 196190 rows (below expected 219785)
2025-11-25 17:42:06,942 | WARNING | MO.N.parquet: 192803 rows (below expected 219785)
2025-11-25 17:42:06,960 | WARNING | GD.N.parquet: 192877 rows (below expected 219785)
2025-11-25 17:42:06,976 | WARNING | KO.N.parquet: 196231 rows (below expected 219785)
2025-11-25 17:42:06,994 | WARNING | ALL.N.parquet: 193156 rows (below expected 219785)
2025-11-25 17:42:07,011 | WARNING | CAT.N.parquet: 196231 rows (below expected 219785)
2025-11-25 17:42:07,162 | WARNING | MMM.N.parquet: 196099 rows (below expected 219785)
2025-11-25 17:42:07,179 | WARNING | EMR.N.parquet: 192758 rows (below expected 219785)
2025-11-25 17:42:07,180 | INFO | Number of tickers with the expected number of rows: 2 out of 90
2025-11-25 17:42:27,198 | INFO | Counting rows for each selected ticker...
2025-11-25 17:42:27,230 | DEBUG | EXC.N.parquet: 219785 rows (meets expected 219785)
2025-11-25 17:42:27,249 | WARNING | MA.N.parquet: 192793 rows (below expected 219785)
2025-11-25 17:42:27,279 | WARNING | GOOG.OQ.parquet: 219361 rows (below expected 219785)
2025-11-25 17:42:27,306 | WARNING | GOOGL.OQ.parquet: 219049 rows (below expected 219785)
2025-11-25 17:42:27,331 | WARNING | PEP.N.parquet: 193066 rows (below expected 219785)
2025-11-25 17:42:27,357 | WARNING | AMGN.OQ.parquet: 219438 rows (below expected 219785)
2025-11-25 17:42:27,378 | WARNING | BK.N.parquet: 192679 rows (below expected 219785)
2025-11-25 17:42:27,393 | WARNING | F.N.parquet: 192741 rows (below expected 219785)
2025-11-25 17:42:27,409 | WARNING | C.N.parquet: 193058 rows (below expected 219785)
2025-11-25 17:42:27,427 | WARNING | CVS.N.parquet: 193102 rows (below expected 219785)
2025-11-25 17:42:27,444 | WARNING | VZ.N.parquet: 195939 rows (below expected 219785)
2025-11-25 17:42:27,463 | WARNING | DIS.N.parquet: 196178 rows (below expected 219785)
2025-11-25 17:42:27,481 | WARNING | JNJ.N.parquet: 196229 rows (below expected 219785)
2025-11-25 17:42:27,503 | WARNING | HAL.N.parquet: 193070 rows (below expected 219785)
2025-11-25 17:42:27,526 | WARNING | UNP.N.parquet: 193071 rows (below expected 219785)
2025-11-25 17:42:27,547 | WARNING | GS.N.parquet: 195962 rows (below expected 219785)
2025-11-25 17:42:27,564 | WARNING | DOW.N.parquet: 196248 rows (below expected 219785)
2025-11-25 17:42:27,586 | WARNING | SBUX.OQ.parquet: 219507 rows (below expected 219785)
2025-11-25 17:42:27,605 | WARNING | SO.N.parquet: 193067 rows (below expected 219785)
2025-11-25 17:42:27,627 | WARNING | V.N.parquet: 196244 rows (below expected 219785)
2025-11-25 17:42:27,643 | WARNING | T.N.parquet: 192787 rows (below expected 219785)
2025-11-25 17:42:27,659 | WARNING | CSCO.OQ.parquet: 219519 rows (below expected 219785)
2025-11-25 17:42:27,675 | WARNING | USB.N.parquet: 192820 rows (below expected 219785)
2025-11-25 17:42:27,696 | WARNING | RTN.N.parquet: 193043 rows (below expected 219785)
2025-11-25 17:42:27,713 | WARNING | MSFT.OQ.parquet: 219203 rows (below expected 219785)
2025-11-25 17:42:27,734 | WARNING | UNH.N.parquet: 196226 rows (below expected 219785)
2025-11-25 17:42:27,753 | DEBUG | AAPL.OQ.parquet: 219785 rows (meets expected 219785)
2025-11-25 17:42:27,769 | WARNING | ABT.N.parquet: 193123 rows (below expected 219785)
2025-11-25 17:42:27,789 | WARNING | OXY.N.parquet: 193068 rows (below expected 219785)
2025-11-25 17:42:27,813 | WARNING | COST.OQ.parquet: 219466 rows (below expected 219785)
2025-11-25 17:42:27,839 | WARNING | NKE.N.parquet: 196253 rows (below expected 219785)
2025-11-25 17:42:27,861 | WARNING | MON.N.parquet: 192608 rows (below expected 219785)
2025-11-25 17:42:27,881 | WARNING | HD.N.parquet: 195821 rows (below expected 219785)
2025-11-25 17:42:27,902 | WARNING | SPG.N.parquet: 192802 rows (below expected 219785)
2025-11-25 17:42:27,925 | WARNING | DD.N.parquet: 192698 rows (below expected 219785)
2025-11-25 17:42:27,945 | WARNING | LOW.N.parquet: 193045 rows (below expected 219785)
2025-11-25 17:42:27,968 | WARNING | MCD.N.parquet: 195869 rows (below expected 219785)
2025-11-25 17:42:27,992 | WARNING | LMT.N.parquet: 192817 rows (below expected 219785)
2025-11-25 17:42:28,010 | WARNING | ACN.N.parquet: 192675 rows (below expected 219785)
2025-11-25 17:42:28,027 | WARNING | UPS.N.parquet: 192801 rows (below expected 219785)
2025-11-25 17:42:28,041 | WARNING | KMI.N.parquet: 193114 rows (below expected 219785)
2025-11-25 17:42:28,058 | WARNING | COP.N.parquet: 193134 rows (below expected 219785)
2025-11-25 17:42:28,077 | WARNING | NEE.N.parquet: 193087 rows (below expected 219785)
2025-11-25 17:42:28,092 | WARNING | PFE.N.parquet: 193123 rows (below expected 219785)
2025-11-25 17:42:28,109 | WARNING | MDT.N.parquet: 193080 rows (below expected 219785)
2025-11-25 17:42:28,126 | WARNING | INTC.OQ.parquet: 219509 rows (below expected 219785)
2025-11-25 17:42:28,142 | WARNING | HON.N.parquet: 196151 rows (below expected 219785)
2025-11-25 17:42:28,157 | WARNING | MS.N.parquet: 193043 rows (below expected 219785)
2025-11-25 17:42:28,174 | WARNING | FOXA.OQ.parquet: 219460 rows (below expected 219785)
2025-11-25 17:42:28,192 | WARNING | COF.N.parquet: 193052 rows (below expected 219785)
2025-11-25 17:42:28,209 | WARNING | DHR.N.parquet: 192779 rows (below expected 219785)
2025-11-25 17:42:28,228 | WARNING | UTX.N.parquet: 193077 rows (below expected 219785)
2025-11-25 17:42:28,313 | WARNING | WFC.N.parquet: 193006 rows (below expected 219785)
2025-11-25 17:42:28,348 | WARNING | BMY.N.parquet: 193082 rows (below expected 219785)
2025-11-25 17:42:28,371 | WARNING | CELG.OQ.parquet: 219447 rows (below expected 219785)
2025-11-25 17:42:28,391 | WARNING | LLY.N.parquet: 193117 rows (below expected 219785)
2025-11-25 17:42:28,415 | WARNING | BIIB.OQ.parquet: 219276 rows (below expected 219785)
2025-11-25 17:42:28,430 | WARNING | BAC.N.parquet: 193128 rows (below expected 219785)
2025-11-25 17:42:28,445 | WARNING | AIG.N.parquet: 193154 rows (below expected 219785)
2025-11-25 17:42:28,463 | WARNING | DUK.N.parquet: 193105 rows (below expected 219785)
2025-11-25 17:42:28,485 | WARNING | PCLN.OQ.parquet: 214475 rows (below expected 219785)
2025-11-25 17:42:28,505 | WARNING | MET.N.parquet: 193139 rows (below expected 219785)
2025-11-25 17:42:28,539 | WARNING | PM.N.parquet: 193111 rows (below expected 219785)
2025-11-25 17:42:28,560 | WARNING | PG.N.parquet: 195711 rows (below expected 219785)
2025-11-25 17:42:28,576 | WARNING | MRK.N.parquet: 196190 rows (below expected 219785)
2025-11-25 17:42:28,594 | WARNING | BLK.N.parquet: 192359 rows (below expected 219785)
2025-11-25 17:42:28,614 | WARNING | GILD.OQ.parquet: 219442 rows (below expected 219785)
2025-11-25 17:42:28,632 | WARNING | AXP.N.parquet: 196156 rows (below expected 219785)
2025-11-25 17:42:28,653 | WARNING | IBM.N.parquet: 196253 rows (below expected 219785)
2025-11-25 17:42:28,675 | WARNING | TGT.N.parquet: 193028 rows (below expected 219785)
2025-11-25 17:42:28,693 | WARNING | JPM.N.parquet: 195970 rows (below expected 219785)
2025-11-25 17:42:28,708 | WARNING | GM.N.parquet: 192826 rows (below expected 219785)
2025-11-25 17:42:28,724 | WARNING | SLB.N.parquet: 193054 rows (below expected 219785)
2025-11-25 17:42:28,743 | WARNING | BA.N.parquet: 196248 rows (below expected 219785)
2025-11-25 17:42:28,758 | WARNING | GE.N.parquet: 193190 rows (below expected 219785)
2025-11-25 17:42:28,777 | WARNING | WMT.N.parquet: 196250 rows (below expected 219785)
2025-11-25 17:42:28,793 | WARNING | CMCSA.OQ.parquet: 219141 rows (below expected 219785)
2025-11-25 17:42:28,810 | WARNING | MDLZ.OQ.parquet: 219463 rows (below expected 219785)
2025-11-25 17:42:28,828 | WARNING | TWX.N.parquet: 192762 rows (below expected 219785)
2025-11-25 17:42:28,845 | WARNING | QCOM.OQ.parquet: 219192 rows (below expected 219785)
2025-11-25 17:42:28,864 | WARNING | FDX.N.parquet: 193031 rows (below expected 219785)
2025-11-25 17:42:28,886 | WARNING | CL.N.parquet: 193143 rows (below expected 219785)
2025-11-25 17:42:28,911 | WARNING | CVX.N.parquet: 196190 rows (below expected 219785)
2025-11-25 17:42:28,929 | WARNING | MO.N.parquet: 192803 rows (below expected 219785)
2025-11-25 17:42:28,947 | WARNING | GD.N.parquet: 192877 rows (below expected 219785)
2025-11-25 17:42:28,961 | WARNING | KO.N.parquet: 196231 rows (below expected 219785)
2025-11-25 17:42:28,977 | WARNING | ALL.N.parquet: 193156 rows (below expected 219785)
2025-11-25 17:42:28,995 | WARNING | CAT.N.parquet: 196231 rows (below expected 219785)
2025-11-25 17:42:29,014 | WARNING | MMM.N.parquet: 196099 rows (below expected 219785)
2025-11-25 17:42:29,034 | WARNING | EMR.N.parquet: 192758 rows (below expected 219785)
2025-11-25 17:42:29,035 | INFO | Number of tickers with the expected number of rows: 2 out of 90
2025-11-25 17:44:05,946 | INFO | Counting rows for each selected ticker...
2025-11-25 17:44:05,984 | DEBUG | EXC.N.parquet: 219785 rows (meets expected 219785)
2025-11-25 17:44:06,010 | WARNING | MA.N.parquet: 192793 rows (below expected 219785)
2025-11-25 17:44:06,045 | WARNING | GOOG.OQ.parquet: 219361 rows (below expected 219785)
2025-11-25 17:44:06,071 | WARNING | GOOGL.OQ.parquet: 219049 rows (below expected 219785)
2025-11-25 17:44:06,091 | WARNING | PEP.N.parquet: 193066 rows (below expected 219785)
2025-11-25 17:44:06,124 | WARNING | AMGN.OQ.parquet: 219438 rows (below expected 219785)
2025-11-25 17:44:06,142 | WARNING | BK.N.parquet: 192679 rows (below expected 219785)
2025-11-25 17:44:06,156 | WARNING | F.N.parquet: 192741 rows (below expected 219785)
2025-11-25 17:44:06,173 | WARNING | C.N.parquet: 193058 rows (below expected 219785)
2025-11-25 17:44:06,195 | WARNING | CVS.N.parquet: 193102 rows (below expected 219785)
2025-11-25 17:44:06,212 | WARNING | VZ.N.parquet: 195939 rows (below expected 219785)
2025-11-25 17:44:06,240 | WARNING | DIS.N.parquet: 196178 rows (below expected 219785)
2025-11-25 17:44:06,261 | WARNING | JNJ.N.parquet: 196229 rows (below expected 219785)
2025-11-25 17:44:06,291 | WARNING | HAL.N.parquet: 193070 rows (below expected 219785)
2025-11-25 17:44:06,307 | WARNING | UNP.N.parquet: 193071 rows (below expected 219785)
2025-11-25 17:44:06,330 | WARNING | GS.N.parquet: 195962 rows (below expected 219785)
2025-11-25 17:44:06,346 | WARNING | DOW.N.parquet: 196248 rows (below expected 219785)
2025-11-25 17:44:06,363 | WARNING | SBUX.OQ.parquet: 219507 rows (below expected 219785)
2025-11-25 17:44:06,378 | WARNING | SO.N.parquet: 193067 rows (below expected 219785)
2025-11-25 17:44:06,402 | WARNING | V.N.parquet: 196244 rows (below expected 219785)
2025-11-25 17:44:06,415 | WARNING | T.N.parquet: 192787 rows (below expected 219785)
2025-11-25 17:44:06,432 | WARNING | CSCO.OQ.parquet: 219519 rows (below expected 219785)
2025-11-25 17:44:06,455 | WARNING | USB.N.parquet: 192820 rows (below expected 219785)
2025-11-25 17:44:06,473 | WARNING | RTN.N.parquet: 193043 rows (below expected 219785)
2025-11-25 17:44:06,490 | WARNING | MSFT.OQ.parquet: 219203 rows (below expected 219785)
2025-11-25 17:44:06,512 | WARNING | UNH.N.parquet: 196226 rows (below expected 219785)
2025-11-25 17:44:06,528 | DEBUG | AAPL.OQ.parquet: 219785 rows (meets expected 219785)
2025-11-25 17:44:06,547 | WARNING | ABT.N.parquet: 193123 rows (below expected 219785)
2025-11-25 17:44:06,564 | WARNING | OXY.N.parquet: 193068 rows (below expected 219785)
2025-11-25 17:44:06,589 | WARNING | COST.OQ.parquet: 219466 rows (below expected 219785)
2025-11-25 17:44:06,610 | WARNING | NKE.N.parquet: 196253 rows (below expected 219785)
2025-11-25 17:44:06,629 | WARNING | MON.N.parquet: 192608 rows (below expected 219785)
2025-11-25 17:44:06,647 | WARNING | HD.N.parquet: 195821 rows (below expected 219785)
2025-11-25 17:44:06,670 | WARNING | SPG.N.parquet: 192802 rows (below expected 219785)
2025-11-25 17:44:06,690 | WARNING | DD.N.parquet: 192698 rows (below expected 219785)
2025-11-25 17:44:06,712 | WARNING | LOW.N.parquet: 193045 rows (below expected 219785)
2025-11-25 17:44:06,730 | WARNING | MCD.N.parquet: 195869 rows (below expected 219785)
2025-11-25 17:44:06,750 | WARNING | LMT.N.parquet: 192817 rows (below expected 219785)
2025-11-25 17:44:06,768 | WARNING | ACN.N.parquet: 192675 rows (below expected 219785)
2025-11-25 17:44:06,792 | WARNING | UPS.N.parquet: 192801 rows (below expected 219785)
2025-11-25 17:44:06,808 | WARNING | KMI.N.parquet: 193114 rows (below expected 219785)
2025-11-25 17:44:06,848 | WARNING | COP.N.parquet: 193134 rows (below expected 219785)
2025-11-25 17:44:06,869 | WARNING | NEE.N.parquet: 193087 rows (below expected 219785)
2025-11-25 17:44:06,886 | WARNING | PFE.N.parquet: 193123 rows (below expected 219785)
2025-11-25 17:44:06,905 | WARNING | MDT.N.parquet: 193080 rows (below expected 219785)
2025-11-25 17:44:06,921 | WARNING | INTC.OQ.parquet: 219509 rows (below expected 219785)
2025-11-25 17:44:06,941 | WARNING | HON.N.parquet: 196151 rows (below expected 219785)
2025-11-25 17:44:06,960 | WARNING | MS.N.parquet: 193043 rows (below expected 219785)
2025-11-25 17:44:06,977 | WARNING | FOXA.OQ.parquet: 219460 rows (below expected 219785)
2025-11-25 17:44:06,993 | WARNING | COF.N.parquet: 193052 rows (below expected 219785)
2025-11-25 17:44:07,010 | WARNING | DHR.N.parquet: 192779 rows (below expected 219785)
2025-11-25 17:44:07,028 | WARNING | UTX.N.parquet: 193077 rows (below expected 219785)
2025-11-25 17:44:07,043 | WARNING | WFC.N.parquet: 193006 rows (below expected 219785)
2025-11-25 17:44:07,058 | WARNING | BMY.N.parquet: 193082 rows (below expected 219785)
2025-11-25 17:44:07,080 | WARNING | CELG.OQ.parquet: 219447 rows (below expected 219785)
2025-11-25 17:44:07,098 | WARNING | LLY.N.parquet: 193117 rows (below expected 219785)
2025-11-25 17:44:07,122 | WARNING | BIIB.OQ.parquet: 219276 rows (below expected 219785)
2025-11-25 17:44:07,139 | WARNING | BAC.N.parquet: 193128 rows (below expected 219785)
2025-11-25 17:44:07,155 | WARNING | AIG.N.parquet: 193154 rows (below expected 219785)
2025-11-25 17:44:07,175 | WARNING | DUK.N.parquet: 193105 rows (below expected 219785)
2025-11-25 17:44:07,194 | WARNING | PCLN.OQ.parquet: 214475 rows (below expected 219785)
2025-11-25 17:44:07,210 | WARNING | MET.N.parquet: 193139 rows (below expected 219785)
2025-11-25 17:44:07,227 | WARNING | PM.N.parquet: 193111 rows (below expected 219785)
2025-11-25 17:44:07,243 | WARNING | PG.N.parquet: 195711 rows (below expected 219785)
2025-11-25 17:44:07,262 | WARNING | MRK.N.parquet: 196190 rows (below expected 219785)
2025-11-25 17:44:07,281 | WARNING | BLK.N.parquet: 192359 rows (below expected 219785)
2025-11-25 17:44:07,303 | WARNING | GILD.OQ.parquet: 219442 rows (below expected 219785)
2025-11-25 17:44:07,323 | WARNING | AXP.N.parquet: 196156 rows (below expected 219785)
2025-11-25 17:44:07,341 | WARNING | IBM.N.parquet: 196253 rows (below expected 219785)
2025-11-25 17:44:07,358 | WARNING | TGT.N.parquet: 193028 rows (below expected 219785)
2025-11-25 17:44:07,377 | WARNING | JPM.N.parquet: 195970 rows (below expected 219785)
2025-11-25 17:44:07,393 | WARNING | GM.N.parquet: 192826 rows (below expected 219785)
2025-11-25 17:44:07,411 | WARNING | SLB.N.parquet: 193054 rows (below expected 219785)
2025-11-25 17:44:07,429 | WARNING | BA.N.parquet: 196248 rows (below expected 219785)
2025-11-25 17:44:07,442 | WARNING | GE.N.parquet: 193190 rows (below expected 219785)
2025-11-25 17:44:07,458 | WARNING | WMT.N.parquet: 196250 rows (below expected 219785)
2025-11-25 17:44:07,477 | WARNING | CMCSA.OQ.parquet: 219141 rows (below expected 219785)
2025-11-25 17:44:07,492 | WARNING | MDLZ.OQ.parquet: 219463 rows (below expected 219785)
2025-11-25 17:44:07,510 | WARNING | TWX.N.parquet: 192762 rows (below expected 219785)
2025-11-25 17:44:07,529 | WARNING | QCOM.OQ.parquet: 219192 rows (below expected 219785)
2025-11-25 17:44:07,547 | WARNING | FDX.N.parquet: 193031 rows (below expected 219785)
2025-11-25 17:44:07,563 | WARNING | CL.N.parquet: 193143 rows (below expected 219785)
2025-11-25 17:44:07,581 | WARNING | CVX.N.parquet: 196190 rows (below expected 219785)
2025-11-25 17:44:07,598 | WARNING | MO.N.parquet: 192803 rows (below expected 219785)
2025-11-25 17:44:07,616 | WARNING | GD.N.parquet: 192877 rows (below expected 219785)
2025-11-25 17:44:07,631 | WARNING | KO.N.parquet: 196231 rows (below expected 219785)
2025-11-25 17:44:07,648 | WARNING | ALL.N.parquet: 193156 rows (below expected 219785)
2025-11-25 17:44:07,669 | WARNING | CAT.N.parquet: 196231 rows (below expected 219785)
2025-11-25 17:44:07,726 | WARNING | MMM.N.parquet: 196099 rows (below expected 219785)
2025-11-25 17:44:07,762 | WARNING | EMR.N.parquet: 192758 rows (below expected 219785)
2025-11-25 17:44:07,764 | INFO | Number of tickers with the expected number of rows: 2 out of 90
2025-11-25 17:44:59,470 | INFO | Starting preprocessing of all tickers...
2025-11-25 17:44:59,471 | INFO | Scanning RAW_FOLDER for tickers...
2025-11-25 17:44:59,552 | INFO | Found 102 tickers.
2025-11-25 17:44:59,556 | INFO | 9 tickers need preprocessing.
2025-11-25 17:44:59,608 | INFO | === Preprocessing ticker FOX.N ===
2025-11-25 17:44:59,612 | INFO | [FOX.N] Extracting archives...
2025-11-25 17:44:59,619 | DEBUG | [FOX.N] Found 3 archives.
2025-11-25 17:44:59,635 | DEBUG | [FOX.N] Extracted FOX.N_2015_bbo.tar
2025-11-25 17:44:59,638 | DEBUG | [FOX.N] Extracted FOX.N_2016_bbo.tar
2025-11-25 17:44:59,641 | DEBUG | [FOX.N] Extracted FOX.N_2017_bbo.tar
2025-11-25 17:44:59,643 | INFO | Loading parquet files in data/extracted/SP100/bbo/FOX.N...
2025-11-25 17:44:59,646 | INFO | Loaded 0 parquet files.
2025-11-25 17:44:59,646 | ERROR | No parquet files found for ticker FOX.N
2025-11-25 17:44:59,647 | ERROR | [FOX.N] Error during preprocessing: No parquet files found for ticker FOX.N
2025-11-25 17:44:59,648 | INFO | === Preprocessing ticker ABBV.OQ ===
2025-11-25 17:44:59,651 | INFO | [ABBV.OQ] Extracting archives...
2025-11-25 17:44:59,660 | DEBUG | [ABBV.OQ] Found 3 archives.
2025-11-25 17:44:59,663 | DEBUG | [ABBV.OQ] Extracted ABBV.OQ_2015_bbo.tar
2025-11-25 17:44:59,667 | DEBUG | [ABBV.OQ] Extracted ABBV.OQ_2016_bbo.tar
2025-11-25 17:44:59,706 | DEBUG | [ABBV.OQ] Extracted ABBV.OQ_2017_bbo.tar
2025-11-25 17:44:59,735 | INFO | Loading parquet files in data/extracted/SP100/bbo/ABBV.OQ...
2025-11-25 17:44:59,756 | INFO | Loaded 0 parquet files.
2025-11-25 17:44:59,757 | ERROR | No parquet files found for ticker ABBV.OQ
2025-11-25 17:44:59,758 | ERROR | [ABBV.OQ] Error during preprocessing: No parquet files found for ticker ABBV.OQ
2025-11-25 17:44:59,761 | INFO | === Preprocessing ticker KHC.N ===
2025-11-25 17:44:59,763 | INFO | [KHC.N] Extracting archives...
2025-11-25 17:44:59,778 | DEBUG | [KHC.N] Found 3 archives.
2025-11-25 17:44:59,787 | DEBUG | [KHC.N] Extracted KHC.N_2015_bbo.tar
2025-11-25 17:44:59,790 | DEBUG | [KHC.N] Extracted KHC.N_2016_bbo.tar
2025-11-25 17:44:59,796 | DEBUG | [KHC.N] Extracted KHC.N_2017_bbo.tar
2025-11-25 17:44:59,797 | INFO | Loading parquet files in data/extracted/SP100/bbo/KHC.N...
2025-11-25 17:44:59,801 | INFO | Loaded 0 parquet files.
2025-11-25 17:44:59,803 | ERROR | No parquet files found for ticker KHC.N
2025-11-25 17:44:59,805 | ERROR | [KHC.N] Error during preprocessing: No parquet files found for ticker KHC.N
2025-11-25 17:44:59,806 | INFO | === Preprocessing ticker FB.N ===
2025-11-25 17:44:59,807 | INFO | [FB.N] Extracting archives...
2025-11-25 17:44:59,815 | DEBUG | [FB.N] Found 3 archives.
2025-11-25 17:44:59,821 | DEBUG | [FB.N] Extracted FB.N_2015_bbo.tar
2025-11-25 17:44:59,826 | DEBUG | [FB.N] Extracted FB.N_2016_bbo.tar
2025-11-25 17:44:59,831 | DEBUG | [FB.N] Extracted FB.N_2017_bbo.tar
2025-11-25 17:44:59,834 | INFO | Loading parquet files in data/extracted/SP100/bbo/FB.N...
2025-11-25 17:44:59,837 | INFO | Loaded 0 parquet files.
2025-11-25 17:44:59,838 | ERROR | No parquet files found for ticker FB.N
2025-11-25 17:44:59,839 | ERROR | [FB.N] Error during preprocessing: No parquet files found for ticker FB.N
2025-11-25 17:44:59,840 | INFO | === Preprocessing ticker TXN.N ===
2025-11-25 17:44:59,841 | INFO | [TXN.N] Extracting archives...
2025-11-25 17:44:59,852 | DEBUG | [TXN.N] Found 3 archives.
2025-11-25 17:44:59,858 | DEBUG | [TXN.N] Extracted TXN.N_2015_bbo.tar
2025-11-25 17:44:59,863 | DEBUG | [TXN.N] Extracted TXN.N_2016_bbo.tar
2025-11-25 17:44:59,869 | DEBUG | [TXN.N] Extracted TXN.N_2017_bbo.tar
2025-11-25 17:44:59,871 | INFO | Loading parquet files in data/extracted/SP100/bbo/TXN.N...
2025-11-25 17:44:59,873 | INFO | Loaded 0 parquet files.
2025-11-25 17:44:59,874 | ERROR | No parquet files found for ticker TXN.N
2025-11-25 17:44:59,875 | ERROR | [TXN.N] Error during preprocessing: No parquet files found for ticker TXN.N
2025-11-25 17:44:59,877 | INFO | === Preprocessing ticker BRK.B.OQ ===
2025-11-25 17:44:59,878 | INFO | [BRK.B.OQ] Extracting archives...
2025-11-25 17:44:59,888 | DEBUG | [BRK.B.OQ] Found 3 archives.
2025-11-25 17:44:59,894 | DEBUG | [BRK.B.OQ] Extracted BRK.B.OQ_2015_bbo.tar
2025-11-25 17:44:59,898 | DEBUG | [BRK.B.OQ] Extracted BRK.B.OQ_2016_bbo.tar
2025-11-25 17:44:59,904 | DEBUG | [BRK.B.OQ] Extracted BRK.B.OQ_2017_bbo.tar
2025-11-25 17:44:59,906 | INFO | Loading parquet files in data/extracted/SP100/bbo/BRK.B.OQ...
2025-11-25 17:44:59,908 | INFO | Loaded 0 parquet files.
2025-11-25 17:44:59,909 | ERROR | No parquet files found for ticker BRK.B.OQ
2025-11-25 17:44:59,910 | ERROR | [BRK.B.OQ] Error during preprocessing: No parquet files found for ticker BRK.B.OQ
2025-11-25 17:44:59,912 | INFO | === Preprocessing ticker XOM.OQ ===
2025-11-25 17:44:59,914 | INFO | [XOM.OQ] Extracting archives...
2025-11-25 17:44:59,924 | DEBUG | [XOM.OQ] Found 3 archives.
2025-11-25 17:44:59,929 | DEBUG | [XOM.OQ] Extracted XOM.OQ_2015_bbo.tar
2025-11-25 17:44:59,936 | DEBUG | [XOM.OQ] Extracted XOM.OQ_2016_bbo.tar
2025-11-25 17:44:59,940 | DEBUG | [XOM.OQ] Extracted XOM.OQ_2017_bbo.tar
2025-11-25 17:44:59,942 | INFO | Loading parquet files in data/extracted/SP100/bbo/XOM.OQ...
2025-11-25 17:44:59,944 | INFO | Loaded 0 parquet files.
2025-11-25 17:44:59,945 | ERROR | No parquet files found for ticker XOM.OQ
2025-11-25 17:44:59,947 | ERROR | [XOM.OQ] Error during preprocessing: No parquet files found for ticker XOM.OQ
2025-11-25 17:44:59,959 | INFO | === Preprocessing ticker WBA.N ===
2025-11-25 17:44:59,965 | INFO | [WBA.N] Extracting archives...
2025-11-25 17:44:59,976 | DEBUG | [WBA.N] Found 3 archives.
2025-11-25 17:44:59,983 | DEBUG | [WBA.N] Extracted WBA.N_2015_bbo.tar
2025-11-25 17:44:59,988 | DEBUG | [WBA.N] Extracted WBA.N_2016_bbo.tar
2025-11-25 17:44:59,993 | DEBUG | [WBA.N] Extracted WBA.N_2017_bbo.tar
2025-11-25 17:44:59,994 | INFO | Loading parquet files in data/extracted/SP100/bbo/WBA.N...
2025-11-25 17:44:59,996 | INFO | Loaded 0 parquet files.
2025-11-25 17:44:59,997 | ERROR | No parquet files found for ticker WBA.N
2025-11-25 17:45:00,001 | ERROR | [WBA.N] Error during preprocessing: No parquet files found for ticker WBA.N
2025-11-25 17:45:00,004 | INFO | === Preprocessing ticker ORCL.OQ ===
2025-11-25 17:45:00,005 | INFO | [ORCL.OQ] Extracting archives...
2025-11-25 17:45:00,029 | DEBUG | [ORCL.OQ] Found 3 archives.
2025-11-25 17:45:00,034 | DEBUG | [ORCL.OQ] Extracted ORCL.OQ_2015_bbo.tar
2025-11-25 17:45:00,038 | DEBUG | [ORCL.OQ] Extracted ORCL.OQ_2016_bbo.tar
2025-11-25 17:45:00,042 | DEBUG | [ORCL.OQ] Extracted ORCL.OQ_2017_bbo.tar
2025-11-25 17:45:00,044 | INFO | Loading parquet files in data/extracted/SP100/bbo/ORCL.OQ...
2025-11-25 17:45:00,047 | INFO | Loaded 0 parquet files.
2025-11-25 17:45:00,047 | ERROR | No parquet files found for ticker ORCL.OQ
2025-11-25 17:45:00,048 | ERROR | [ORCL.OQ] Error during preprocessing: No parquet files found for ticker ORCL.OQ
2025-11-25 17:45:00,052 | INFO | 93 tickers processed successfully over 102 total.
2025-11-25 17:47:05,609 | INFO | Starting preprocessing of all tickers...
2025-11-25 17:47:05,610 | INFO | Scanning RAW_FOLDER for tickers...
2025-11-25 17:47:05,662 | INFO | Found 102 tickers.
2025-11-25 17:47:05,666 | INFO | 9 tickers need preprocessing.
2025-11-25 17:47:05,714 | INFO | === Preprocessing ticker BRK.B.OQ ===
2025-11-25 17:47:05,714 | INFO | [BRK.B.OQ] Extracting archives...
2025-11-25 17:47:05,723 | DEBUG | [BRK.B.OQ] Found 3 archives.
2025-11-25 17:47:05,728 | DEBUG | [BRK.B.OQ] Extracted BRK.B.OQ_2015_bbo.tar
2025-11-25 17:47:05,730 | DEBUG | [BRK.B.OQ] Extracted BRK.B.OQ_2016_bbo.tar
2025-11-25 17:47:05,734 | DEBUG | [BRK.B.OQ] Extracted BRK.B.OQ_2017_bbo.tar
2025-11-25 17:47:05,734 | INFO | Loading parquet files in data/extracted/SP100/bbo/BRK.B.OQ...
2025-11-25 17:47:05,737 | INFO | Loaded 0 parquet files.
2025-11-25 17:47:05,738 | ERROR | No parquet files found for ticker BRK.B.OQ
2025-11-25 17:47:05,738 | ERROR | [BRK.B.OQ] Error during preprocessing: No parquet files found for ticker BRK.B.OQ
2025-11-25 17:47:05,740 | INFO | === Preprocessing ticker ORCL.OQ ===
2025-11-25 17:47:05,741 | INFO | [ORCL.OQ] Extracting archives...
2025-11-25 17:47:05,748 | DEBUG | [ORCL.OQ] Found 3 archives.
2025-11-25 17:47:05,752 | DEBUG | [ORCL.OQ] Extracted ORCL.OQ_2015_bbo.tar
2025-11-25 17:47:05,756 | DEBUG | [ORCL.OQ] Extracted ORCL.OQ_2016_bbo.tar
2025-11-25 17:47:05,758 | DEBUG | [ORCL.OQ] Extracted ORCL.OQ_2017_bbo.tar
2025-11-25 17:47:05,758 | INFO | Loading parquet files in data/extracted/SP100/bbo/ORCL.OQ...
2025-11-25 17:47:05,761 | INFO | Loaded 0 parquet files.
2025-11-25 17:47:05,762 | ERROR | No parquet files found for ticker ORCL.OQ
2025-11-25 17:47:05,762 | ERROR | [ORCL.OQ] Error during preprocessing: No parquet files found for ticker ORCL.OQ
2025-11-25 17:47:05,763 | INFO | === Preprocessing ticker TXN.N ===
2025-11-25 17:47:05,764 | INFO | [TXN.N] Extracting archives...
2025-11-25 17:47:05,770 | DEBUG | [TXN.N] Found 3 archives.
2025-11-25 17:47:05,773 | DEBUG | [TXN.N] Extracted TXN.N_2015_bbo.tar
2025-11-25 17:47:05,775 | DEBUG | [TXN.N] Extracted TXN.N_2016_bbo.tar
2025-11-25 17:47:05,778 | DEBUG | [TXN.N] Extracted TXN.N_2017_bbo.tar
2025-11-25 17:47:05,778 | INFO | Loading parquet files in data/extracted/SP100/bbo/TXN.N...
2025-11-25 17:47:05,780 | INFO | Loaded 0 parquet files.
2025-11-25 17:47:05,781 | ERROR | No parquet files found for ticker TXN.N
2025-11-25 17:47:05,782 | ERROR | [TXN.N] Error during preprocessing: No parquet files found for ticker TXN.N
2025-11-25 17:47:05,783 | INFO | === Preprocessing ticker XOM.OQ ===
2025-11-25 17:47:05,784 | INFO | [XOM.OQ] Extracting archives...
2025-11-25 17:47:05,790 | DEBUG | [XOM.OQ] Found 3 archives.
2025-11-25 17:47:05,793 | DEBUG | [XOM.OQ] Extracted XOM.OQ_2015_bbo.tar
2025-11-25 17:47:05,796 | DEBUG | [XOM.OQ] Extracted XOM.OQ_2016_bbo.tar
2025-11-25 17:47:05,799 | DEBUG | [XOM.OQ] Extracted XOM.OQ_2017_bbo.tar
2025-11-25 17:47:05,799 | INFO | Loading parquet files in data/extracted/SP100/bbo/XOM.OQ...
2025-11-25 17:47:05,802 | INFO | Loaded 0 parquet files.
2025-11-25 17:47:05,803 | ERROR | No parquet files found for ticker XOM.OQ
2025-11-25 17:47:05,803 | ERROR | [XOM.OQ] Error during preprocessing: No parquet files found for ticker XOM.OQ
2025-11-25 17:47:05,806 | INFO | === Preprocessing ticker WBA.N ===
2025-11-25 17:47:05,807 | INFO | [WBA.N] Extracting archives...
2025-11-25 17:47:05,828 | DEBUG | [WBA.N] Found 3 archives.
2025-11-25 17:47:05,835 | DEBUG | [WBA.N] Extracted WBA.N_2015_bbo.tar
2025-11-25 17:47:05,839 | DEBUG | [WBA.N] Extracted WBA.N_2016_bbo.tar
2025-11-25 17:47:05,843 | DEBUG | [WBA.N] Extracted WBA.N_2017_bbo.tar
2025-11-25 17:47:05,844 | INFO | Loading parquet files in data/extracted/SP100/bbo/WBA.N...
2025-11-25 17:47:05,846 | INFO | Loaded 0 parquet files.
2025-11-25 17:47:05,846 | ERROR | No parquet files found for ticker WBA.N
2025-11-25 17:47:05,847 | ERROR | [WBA.N] Error during preprocessing: No parquet files found for ticker WBA.N
2025-11-25 17:47:05,848 | INFO | === Preprocessing ticker FB.N ===
2025-11-25 17:47:05,849 | INFO | [FB.N] Extracting archives...
2025-11-25 17:47:05,856 | DEBUG | [FB.N] Found 3 archives.
2025-11-25 17:47:05,859 | DEBUG | [FB.N] Extracted FB.N_2015_bbo.tar
2025-11-25 17:47:05,861 | DEBUG | [FB.N] Extracted FB.N_2016_bbo.tar
2025-11-25 17:47:05,863 | DEBUG | [FB.N] Extracted FB.N_2017_bbo.tar
2025-11-25 17:47:05,863 | INFO | Loading parquet files in data/extracted/SP100/bbo/FB.N...
2025-11-25 17:47:05,866 | INFO | Loaded 0 parquet files.
2025-11-25 17:47:05,867 | ERROR | No parquet files found for ticker FB.N
2025-11-25 17:47:05,867 | ERROR | [FB.N] Error during preprocessing: No parquet files found for ticker FB.N
2025-11-25 17:47:05,868 | INFO | === Preprocessing ticker FOX.N ===
2025-11-25 17:47:05,869 | INFO | [FOX.N] Extracting archives...
2025-11-25 17:47:05,944 | DEBUG | [FOX.N] Found 3 archives.
2025-11-25 17:47:05,947 | DEBUG | [FOX.N] Extracted FOX.N_2015_bbo.tar
2025-11-25 17:47:05,950 | DEBUG | [FOX.N] Extracted FOX.N_2016_bbo.tar
2025-11-25 17:47:05,953 | DEBUG | [FOX.N] Extracted FOX.N_2017_bbo.tar
2025-11-25 17:47:05,967 | INFO | Loading parquet files in data/extracted/SP100/bbo/FOX.N...
2025-11-25 17:47:05,973 | INFO | Loaded 0 parquet files.
2025-11-25 17:47:05,974 | ERROR | No parquet files found for ticker FOX.N
2025-11-25 17:47:05,975 | ERROR | [FOX.N] Error during preprocessing: No parquet files found for ticker FOX.N
2025-11-25 17:47:05,976 | INFO | === Preprocessing ticker KHC.N ===
2025-11-25 17:47:05,977 | INFO | [KHC.N] Extracting archives...
2025-11-25 17:47:05,984 | DEBUG | [KHC.N] Found 3 archives.
2025-11-25 17:47:05,987 | DEBUG | [KHC.N] Extracted KHC.N_2015_bbo.tar
2025-11-25 17:47:05,990 | DEBUG | [KHC.N] Extracted KHC.N_2016_bbo.tar
2025-11-25 17:47:05,992 | DEBUG | [KHC.N] Extracted KHC.N_2017_bbo.tar
2025-11-25 17:47:05,993 | INFO | Loading parquet files in data/extracted/SP100/bbo/KHC.N...
2025-11-25 17:47:05,995 | INFO | Loaded 0 parquet files.
2025-11-25 17:47:05,995 | ERROR | No parquet files found for ticker KHC.N
2025-11-25 17:47:05,996 | ERROR | [KHC.N] Error during preprocessing: No parquet files found for ticker KHC.N
2025-11-25 17:47:05,998 | INFO | === Preprocessing ticker ABBV.OQ ===
2025-11-25 17:47:06,000 | INFO | [ABBV.OQ] Extracting archives...
2025-11-25 17:47:06,006 | DEBUG | [ABBV.OQ] Found 3 archives.
2025-11-25 17:47:06,008 | DEBUG | [ABBV.OQ] Extracted ABBV.OQ_2015_bbo.tar
2025-11-25 17:47:06,011 | DEBUG | [ABBV.OQ] Extracted ABBV.OQ_2016_bbo.tar
2025-11-25 17:47:06,013 | DEBUG | [ABBV.OQ] Extracted ABBV.OQ_2017_bbo.tar
2025-11-25 17:47:06,013 | INFO | Loading parquet files in data/extracted/SP100/bbo/ABBV.OQ...
2025-11-25 17:47:06,015 | INFO | Loaded 0 parquet files.
2025-11-25 17:47:06,016 | ERROR | No parquet files found for ticker ABBV.OQ
2025-11-25 17:47:06,016 | ERROR | [ABBV.OQ] Error during preprocessing: No parquet files found for ticker ABBV.OQ
2025-11-25 17:47:06,018 | INFO | 93 tickers processed successfully over 102 total.
2025-11-25 17:47:06,067 | INFO | Starting selection of complete tickers...
2025-11-25 17:47:06,347 | DEBUG | Total trading days: 566, exception dates: {datetime.date(2015, 11, 27)}
2025-11-25 17:47:06,348 | DEBUG | Trading days after removing exceptions: 565
2025-11-25 17:47:06,622 | DEBUG | [EXC.N.parquet] Copied to selected folder
2025-11-25 17:47:06,699 | DEBUG | [MA.N.parquet] Copied to selected folder
2025-11-25 17:47:06,790 | DEBUG | [GOOG.OQ.parquet] Deleted exception dates: {datetime.date(2015, 11, 27)}
2025-11-25 17:47:06,963 | DEBUG | [GOOG.OQ.parquet] Copied to selected folder
2025-11-25 17:47:07,023 | DEBUG | [GOOGL.OQ.parquet] Deleted exception dates: {datetime.date(2015, 11, 27)}
2025-11-25 17:47:07,113 | DEBUG | [GOOGL.OQ.parquet] Copied to selected folder
2025-11-25 17:47:07,203 | DEBUG | [PEP.N.parquet] Copied to selected folder
2025-11-25 17:47:07,275 | DEBUG | [AMGN.OQ.parquet] Deleted exception dates: {datetime.date(2015, 11, 27)}
2025-11-25 17:47:07,366 | DEBUG | [AMGN.OQ.parquet] Copied to selected folder
2025-11-25 17:47:07,445 | DEBUG | [BK.N.parquet] Copied to selected folder
2025-11-25 17:47:07,529 | DEBUG | [F.N.parquet] Copied to selected folder
2025-11-25 17:47:07,605 | DEBUG | [C.N.parquet] Copied to selected folder
2025-11-25 17:47:07,680 | DEBUG | [CVS.N.parquet] Copied to selected folder
2025-11-25 17:47:07,755 | DEBUG | [VZ.N.parquet] Copied to selected folder
2025-11-25 17:47:07,841 | DEBUG | [DIS.N.parquet] Copied to selected folder
2025-11-25 17:47:07,981 | DEBUG | [JNJ.N.parquet] Copied to selected folder
2025-11-25 17:47:08,069 | DEBUG | [HAL.N.parquet] Copied to selected folder
2025-11-25 17:47:08,164 | DEBUG | [UNP.N.parquet] Copied to selected folder
2025-11-25 17:47:08,260 | DEBUG | [GS.N.parquet] Copied to selected folder
2025-11-25 17:47:08,360 | DEBUG | [DOW.N.parquet] Copied to selected folder
2025-11-25 17:47:08,429 | DEBUG | [SBUX.OQ.parquet] Deleted exception dates: {datetime.date(2015, 11, 27)}
2025-11-25 17:47:08,525 | DEBUG | [SBUX.OQ.parquet] Copied to selected folder
2025-11-25 17:47:08,627 | DEBUG | [SO.N.parquet] Copied to selected folder
2025-11-25 17:47:08,727 | DEBUG | [V.N.parquet] Copied to selected folder
2025-11-25 17:47:08,794 | DEBUG | [T.N.parquet] Copied to selected folder
2025-11-25 17:47:08,836 | DEBUG | [CSCO.OQ.parquet] Deleted exception dates: {datetime.date(2015, 11, 27)}
2025-11-25 17:47:08,909 | DEBUG | [CSCO.OQ.parquet] Copied to selected folder
2025-11-25 17:47:08,989 | DEBUG | [USB.N.parquet] Copied to selected folder
2025-11-25 17:47:09,068 | DEBUG | [RTN.N.parquet] Copied to selected folder
2025-11-25 17:47:09,124 | DEBUG | [MSFT.OQ.parquet] Deleted exception dates: {datetime.date(2015, 11, 27)}
2025-11-25 17:47:09,200 | DEBUG | [MSFT.OQ.parquet] Copied to selected folder
2025-11-25 17:47:09,300 | DEBUG | [UNH.N.parquet] Copied to selected folder
2025-11-25 17:47:09,359 | DEBUG | [AAPL.OQ.parquet] Deleted exception dates: {datetime.date(2015, 11, 27)}
2025-11-25 17:47:09,454 | DEBUG | [AAPL.OQ.parquet] Copied to selected folder
2025-11-25 17:47:09,545 | DEBUG | [ABT.N.parquet] Copied to selected folder
2025-11-25 17:47:09,644 | DEBUG | [OXY.N.parquet] Copied to selected folder
2025-11-25 17:47:09,693 | DEBUG | [COST.OQ.parquet] Deleted exception dates: {datetime.date(2015, 11, 27)}
2025-11-25 17:47:09,831 | DEBUG | [COST.OQ.parquet] Copied to selected folder
2025-11-25 17:47:09,932 | DEBUG | [NKE.N.parquet] Copied to selected folder
2025-11-25 17:47:10,011 | DEBUG | [MON.N.parquet] Copied to selected folder
2025-11-25 17:47:10,106 | DEBUG | [HD.N.parquet] Copied to selected folder
2025-11-25 17:47:10,210 | DEBUG | [SPG.N.parquet] Copied to selected folder
2025-11-25 17:47:10,307 | DEBUG | [DD.N.parquet] Copied to selected folder
2025-11-25 17:47:10,418 | DEBUG | [LOW.N.parquet] Copied to selected folder
2025-11-25 17:47:10,521 | DEBUG | [MCD.N.parquet] Copied to selected folder
2025-11-25 17:47:10,624 | DEBUG | [LMT.N.parquet] Copied to selected folder
2025-11-25 17:47:10,721 | DEBUG | [ACN.N.parquet] Copied to selected folder
2025-11-25 17:47:10,817 | DEBUG | [UPS.N.parquet] Copied to selected folder
2025-11-25 17:47:10,898 | DEBUG | [KMI.N.parquet] Copied to selected folder
2025-11-25 17:47:10,981 | DEBUG | [COP.N.parquet] Copied to selected folder
2025-11-25 17:47:11,071 | DEBUG | [NEE.N.parquet] Copied to selected folder
2025-11-25 17:47:11,203 | DEBUG | [PFE.N.parquet] Copied to selected folder
2025-11-25 17:47:11,298 | DEBUG | [MDT.N.parquet] Copied to selected folder
2025-11-25 17:47:11,444 | DEBUG | [INTC.OQ.parquet] Deleted exception dates: {datetime.date(2015, 11, 27)}
2025-11-25 17:47:11,526 | DEBUG | [INTC.OQ.parquet] Copied to selected folder
2025-11-25 17:47:11,626 | DEBUG | [HON.N.parquet] Copied to selected folder
2025-11-25 17:47:11,719 | DEBUG | [MS.N.parquet] Copied to selected folder
2025-11-25 17:47:11,762 | DEBUG | [FOXA.OQ.parquet] Deleted exception dates: {datetime.date(2015, 11, 27)}
2025-11-25 17:47:11,847 | DEBUG | [FOXA.OQ.parquet] Copied to selected folder
2025-11-25 17:47:11,929 | DEBUG | [COF.N.parquet] Copied to selected folder
2025-11-25 17:47:12,016 | DEBUG | [DHR.N.parquet] Copied to selected folder
2025-11-25 17:47:12,112 | DEBUG | [UTX.N.parquet] Copied to selected folder
2025-11-25 17:47:12,201 | DEBUG | [WFC.N.parquet] Copied to selected folder
2025-11-25 17:47:12,284 | DEBUG | [BMY.N.parquet] Copied to selected folder
2025-11-25 17:47:12,338 | DEBUG | [CELG.OQ.parquet] Deleted exception dates: {datetime.date(2015, 11, 27)}
2025-11-25 17:47:12,478 | DEBUG | [CELG.OQ.parquet] Copied to selected folder
2025-11-25 17:47:12,592 | DEBUG | [LLY.N.parquet] Copied to selected folder
2025-11-25 17:47:12,654 | DEBUG | [BIIB.OQ.parquet] Deleted exception dates: {datetime.date(2015, 11, 27)}
2025-11-25 17:47:12,735 | DEBUG | [BIIB.OQ.parquet] Copied to selected folder
2025-11-25 17:47:12,827 | DEBUG | [BAC.N.parquet] Copied to selected folder
2025-11-25 17:47:12,926 | DEBUG | [AIG.N.parquet] Copied to selected folder
2025-11-25 17:47:13,016 | DEBUG | [DUK.N.parquet] Copied to selected folder
2025-11-25 17:47:13,077 | DEBUG | [PCLN.OQ.parquet] Deleted exception dates: {datetime.date(2015, 11, 27)}
2025-11-25 17:47:13,163 | DEBUG | [PCLN.OQ.parquet] Copied to selected folder
2025-11-25 17:47:13,239 | DEBUG | [MET.N.parquet] Copied to selected folder
2025-11-25 17:47:13,337 | DEBUG | [PM.N.parquet] Copied to selected folder
2025-11-25 17:47:13,421 | DEBUG | [PG.N.parquet] Copied to selected folder
2025-11-25 17:47:13,508 | DEBUG | [MRK.N.parquet] Copied to selected folder
2025-11-25 17:47:13,598 | DEBUG | [BLK.N.parquet] Copied to selected folder
2025-11-25 17:47:13,657 | DEBUG | [GILD.OQ.parquet] Deleted exception dates: {datetime.date(2015, 11, 27)}
2025-11-25 17:47:13,739 | DEBUG | [GILD.OQ.parquet] Copied to selected folder
2025-11-25 17:47:13,787 | DEBUG | [PYPL.OQ.parquet] Deleted exception dates: {datetime.date(2015, 11, 27)}
2025-11-25 17:47:13,803 | WARNING | [PYPL.OQ.parquet] Missing 136 trading days: [datetime.date(2015, 1, 2), datetime.date(2015, 1, 5), datetime.date(2015, 1, 6), datetime.date(2015, 1, 7), datetime.date(2015, 1, 8), datetime.date(2015, 1, 9), datetime.date(2015, 1, 12), datetime.date(2015, 1, 13), datetime.date(2015, 1, 14), datetime.date(2015, 1, 15), datetime.date(2015, 1, 16), datetime.date(2015, 1, 20), datetime.date(2015, 1, 21), datetime.date(2015, 1, 22), datetime.date(2015, 1, 23), datetime.date(2015, 1, 26), datetime.date(2015, 1, 27), datetime.date(2015, 1, 28), datetime.date(2015, 1, 29), datetime.date(2015, 1, 30), datetime.date(2015, 2, 2), datetime.date(2015, 2, 3), datetime.date(2015, 2, 4), datetime.date(2015, 2, 5), datetime.date(2015, 2, 6), datetime.date(2015, 2, 9), datetime.date(2015, 2, 10), datetime.date(2015, 2, 11), datetime.date(2015, 2, 12), datetime.date(2015, 2, 13), datetime.date(2015, 2, 17), datetime.date(2015, 2, 18), datetime.date(2015, 2, 19), datetime.date(2015, 2, 20), datetime.date(2015, 2, 23), datetime.date(2015, 2, 24), datetime.date(2015, 2, 25), datetime.date(2015, 2, 26), datetime.date(2015, 2, 27), datetime.date(2015, 3, 2), datetime.date(2015, 3, 3), datetime.date(2015, 3, 4), datetime.date(2015, 3, 5), datetime.date(2015, 3, 6), datetime.date(2015, 3, 9), datetime.date(2015, 3, 10), datetime.date(2015, 3, 11), datetime.date(2015, 3, 12), datetime.date(2015, 3, 13), datetime.date(2015, 3, 16), datetime.date(2015, 3, 17), datetime.date(2015, 3, 18), datetime.date(2015, 3, 19), datetime.date(2015, 3, 20), datetime.date(2015, 3, 23), datetime.date(2015, 3, 24), datetime.date(2015, 3, 25), datetime.date(2015, 3, 26), datetime.date(2015, 3, 27), datetime.date(2015, 3, 30), datetime.date(2015, 3, 31), datetime.date(2015, 4, 1), datetime.date(2015, 4, 2), datetime.date(2015, 4, 6), datetime.date(2015, 4, 7), datetime.date(2015, 4, 8), datetime.date(2015, 4, 9), datetime.date(2015, 4, 10), datetime.date(2015, 4, 13), datetime.date(2015, 4, 14), datetime.date(2015, 4, 15), datetime.date(2015, 4, 16), datetime.date(2015, 4, 17), datetime.date(2015, 4, 20), datetime.date(2015, 4, 21), datetime.date(2015, 4, 22), datetime.date(2015, 4, 23), datetime.date(2015, 4, 24), datetime.date(2015, 4, 27), datetime.date(2015, 4, 28), datetime.date(2015, 4, 29), datetime.date(2015, 4, 30), datetime.date(2015, 5, 1), datetime.date(2015, 5, 4), datetime.date(2015, 5, 5), datetime.date(2015, 5, 6), datetime.date(2015, 5, 7), datetime.date(2015, 5, 8), datetime.date(2015, 5, 11), datetime.date(2015, 5, 12), datetime.date(2015, 5, 13), datetime.date(2015, 5, 14), datetime.date(2015, 5, 15), datetime.date(2015, 5, 18), datetime.date(2015, 5, 19), datetime.date(2015, 5, 20), datetime.date(2015, 5, 21), datetime.date(2015, 5, 22), datetime.date(2015, 5, 26), datetime.date(2015, 5, 27), datetime.date(2015, 5, 28), datetime.date(2015, 5, 29), datetime.date(2015, 6, 1), datetime.date(2015, 6, 2), datetime.date(2015, 6, 3), datetime.date(2015, 6, 4), datetime.date(2015, 6, 5), datetime.date(2015, 6, 8), datetime.date(2015, 6, 9), datetime.date(2015, 6, 10), datetime.date(2015, 6, 11), datetime.date(2015, 6, 12), datetime.date(2015, 6, 15), datetime.date(2015, 6, 16), datetime.date(2015, 6, 17), datetime.date(2015, 6, 18), datetime.date(2015, 6, 19), datetime.date(2015, 6, 22), datetime.date(2015, 6, 23), datetime.date(2015, 6, 24), datetime.date(2015, 6, 25), datetime.date(2015, 6, 26), datetime.date(2015, 6, 29), datetime.date(2015, 6, 30), datetime.date(2015, 7, 1), datetime.date(2015, 7, 2), datetime.date(2015, 7, 6), datetime.date(2015, 7, 7), datetime.date(2015, 7, 8), datetime.date(2015, 7, 9), datetime.date(2015, 7, 10), datetime.date(2015, 7, 13), datetime.date(2015, 7, 14), datetime.date(2015, 7, 15), datetime.date(2015, 7, 16), datetime.date(2015, 7, 17)]
2025-11-25 17:47:13,878 | DEBUG | [AXP.N.parquet] Copied to selected folder
2025-11-25 17:47:13,975 | DEBUG | [IBM.N.parquet] Copied to selected folder
2025-11-25 17:47:14,068 | DEBUG | [TGT.N.parquet] Copied to selected folder
2025-11-25 17:47:14,154 | DEBUG | [JPM.N.parquet] Copied to selected folder
2025-11-25 17:47:14,248 | DEBUG | [GM.N.parquet] Copied to selected folder
2025-11-25 17:47:14,339 | DEBUG | [SLB.N.parquet] Copied to selected folder
2025-11-25 17:47:14,487 | DEBUG | [BA.N.parquet] Copied to selected folder
2025-11-25 17:47:14,576 | DEBUG | [GE.N.parquet] Copied to selected folder
2025-11-25 17:47:14,658 | DEBUG | [WMT.N.parquet] Copied to selected folder
2025-11-25 17:47:14,706 | DEBUG | [CMCSA.OQ.parquet] Deleted exception dates: {datetime.date(2015, 11, 27)}
2025-11-25 17:47:14,777 | DEBUG | [CMCSA.OQ.parquet] Copied to selected folder
2025-11-25 17:47:14,826 | DEBUG | [MDLZ.OQ.parquet] Deleted exception dates: {datetime.date(2015, 11, 27)}
2025-11-25 17:47:14,894 | DEBUG | [MDLZ.OQ.parquet] Copied to selected folder
2025-11-25 17:47:14,978 | DEBUG | [TWX.N.parquet] Copied to selected folder
2025-11-25 17:47:15,033 | DEBUG | [QCOM.OQ.parquet] Deleted exception dates: {datetime.date(2015, 11, 27)}
2025-11-25 17:47:15,116 | DEBUG | [QCOM.OQ.parquet] Copied to selected folder
2025-11-25 17:47:15,205 | DEBUG | [FDX.N.parquet] Copied to selected folder
2025-11-25 17:47:15,284 | DEBUG | [CL.N.parquet] Copied to selected folder
2025-11-25 17:47:15,373 | DEBUG | [CVX.N.parquet] Copied to selected folder
2025-11-25 17:47:15,456 | DEBUG | [MO.N.parquet] Copied to selected folder
2025-11-25 17:47:15,559 | DEBUG | [GD.N.parquet] Copied to selected folder
2025-11-25 17:47:15,654 | DEBUG | [KO.N.parquet] Copied to selected folder
2025-11-25 17:47:15,734 | DEBUG | [ALL.N.parquet] Copied to selected folder
2025-11-25 17:47:15,808 | DEBUG | [CAT.N.parquet] Copied to selected folder
2025-11-25 17:47:15,888 | DEBUG | [MMM.N.parquet] Copied to selected folder
2025-11-25 17:47:15,962 | DEBUG | [EMR.N.parquet] Copied to selected folder
2025-11-25 17:47:16,013 | WARNING | [AGN.N.parquet] Missing 62 trading days: [datetime.date(2015, 3, 17), datetime.date(2015, 3, 18), datetime.date(2015, 3, 19), datetime.date(2015, 3, 20), datetime.date(2015, 3, 23), datetime.date(2015, 3, 24), datetime.date(2015, 3, 25), datetime.date(2015, 3, 26), datetime.date(2015, 3, 27), datetime.date(2015, 3, 30), datetime.date(2015, 3, 31), datetime.date(2015, 4, 1), datetime.date(2015, 4, 2), datetime.date(2015, 4, 6), datetime.date(2015, 4, 7), datetime.date(2015, 4, 8), datetime.date(2015, 4, 9), datetime.date(2015, 4, 10), datetime.date(2015, 4, 13), datetime.date(2015, 4, 14), datetime.date(2015, 4, 15), datetime.date(2015, 4, 16), datetime.date(2015, 4, 17), datetime.date(2015, 4, 20), datetime.date(2015, 4, 21), datetime.date(2015, 4, 22), datetime.date(2015, 4, 23), datetime.date(2015, 4, 24), datetime.date(2015, 4, 27), datetime.date(2015, 4, 28), datetime.date(2015, 4, 29), datetime.date(2015, 4, 30), datetime.date(2015, 5, 1), datetime.date(2015, 5, 4), datetime.date(2015, 5, 5), datetime.date(2015, 5, 6), datetime.date(2015, 5, 7), datetime.date(2015, 5, 8), datetime.date(2015, 5, 11), datetime.date(2015, 5, 12), datetime.date(2015, 5, 13), datetime.date(2015, 5, 14), datetime.date(2015, 5, 15), datetime.date(2015, 5, 18), datetime.date(2015, 5, 19), datetime.date(2015, 5, 20), datetime.date(2015, 5, 21), datetime.date(2015, 5, 22), datetime.date(2015, 5, 26), datetime.date(2015, 5, 27), datetime.date(2015, 5, 28), datetime.date(2015, 5, 29), datetime.date(2015, 6, 1), datetime.date(2015, 6, 2), datetime.date(2015, 6, 3), datetime.date(2015, 6, 4), datetime.date(2015, 6, 5), datetime.date(2015, 6, 8), datetime.date(2015, 6, 9), datetime.date(2015, 6, 10), datetime.date(2015, 6, 11), datetime.date(2015, 6, 12)]
2025-11-25 17:47:16,074 | WARNING | [AMZN.OQ.parquet] Missing 40 trading days: [datetime.date(2015, 11, 3), datetime.date(2015, 11, 4), datetime.date(2015, 11, 5), datetime.date(2015, 11, 6), datetime.date(2015, 11, 9), datetime.date(2015, 11, 10), datetime.date(2015, 11, 11), datetime.date(2015, 11, 12), datetime.date(2015, 11, 13), datetime.date(2015, 11, 16), datetime.date(2015, 11, 17), datetime.date(2015, 11, 18), datetime.date(2015, 11, 19), datetime.date(2015, 11, 20), datetime.date(2015, 11, 23), datetime.date(2015, 11, 24), datetime.date(2015, 11, 25), datetime.date(2015, 11, 30), datetime.date(2015, 12, 1), datetime.date(2015, 12, 2), datetime.date(2015, 12, 3), datetime.date(2015, 12, 4), datetime.date(2015, 12, 7), datetime.date(2015, 12, 8), datetime.date(2015, 12, 9), datetime.date(2015, 12, 10), datetime.date(2015, 12, 11), datetime.date(2015, 12, 14), datetime.date(2015, 12, 15), datetime.date(2015, 12, 16), datetime.date(2015, 12, 17), datetime.date(2015, 12, 18), datetime.date(2015, 12, 21), datetime.date(2015, 12, 22), datetime.date(2015, 12, 23), datetime.date(2015, 12, 24), datetime.date(2015, 12, 28), datetime.date(2015, 12, 29), datetime.date(2015, 12, 30), datetime.date(2015, 12, 31)]
2025-11-25 17:47:16,075 | INFO | Selection completed: 90/93 files copied to data/selected/SP100/bbo
2025-11-25 17:47:16,130 | INFO | Counting rows for each selected ticker...
2025-11-25 17:47:16,145 | DEBUG | EXC.N.parquet: 219785 rows (meets expected 219785)
2025-11-25 17:47:16,162 | WARNING | MA.N.parquet: 192793 rows (below expected 219785)
2025-11-25 17:47:16,182 | WARNING | GOOG.OQ.parquet: 219361 rows (below expected 219785)
2025-11-25 17:47:16,203 | WARNING | GOOGL.OQ.parquet: 219049 rows (below expected 219785)
2025-11-25 17:47:16,220 | WARNING | PEP.N.parquet: 193066 rows (below expected 219785)
2025-11-25 17:47:16,239 | WARNING | AMGN.OQ.parquet: 219438 rows (below expected 219785)
2025-11-25 17:47:16,255 | WARNING | BK.N.parquet: 192679 rows (below expected 219785)
2025-11-25 17:47:16,268 | WARNING | F.N.parquet: 192741 rows (below expected 219785)
2025-11-25 17:47:16,284 | WARNING | C.N.parquet: 193058 rows (below expected 219785)
2025-11-25 17:47:16,308 | WARNING | CVS.N.parquet: 193102 rows (below expected 219785)
2025-11-25 17:47:16,327 | WARNING | VZ.N.parquet: 195939 rows (below expected 219785)
2025-11-25 17:47:16,354 | WARNING | DIS.N.parquet: 196178 rows (below expected 219785)
2025-11-25 17:47:16,385 | WARNING | JNJ.N.parquet: 196229 rows (below expected 219785)
2025-11-25 17:47:16,408 | WARNING | HAL.N.parquet: 193070 rows (below expected 219785)
2025-11-25 17:47:16,439 | WARNING | UNP.N.parquet: 193071 rows (below expected 219785)
2025-11-25 17:47:16,465 | WARNING | GS.N.parquet: 195962 rows (below expected 219785)
2025-11-25 17:47:16,485 | WARNING | DOW.N.parquet: 196248 rows (below expected 219785)
2025-11-25 17:47:16,507 | WARNING | SBUX.OQ.parquet: 219507 rows (below expected 219785)
2025-11-25 17:47:16,537 | WARNING | SO.N.parquet: 193067 rows (below expected 219785)
2025-11-25 17:47:16,562 | WARNING | V.N.parquet: 196244 rows (below expected 219785)
2025-11-25 17:47:16,582 | WARNING | T.N.parquet: 192787 rows (below expected 219785)
2025-11-25 17:47:16,602 | WARNING | CSCO.OQ.parquet: 219519 rows (below expected 219785)
2025-11-25 17:47:16,626 | WARNING | USB.N.parquet: 192820 rows (below expected 219785)
2025-11-25 17:47:16,648 | WARNING | RTN.N.parquet: 193043 rows (below expected 219785)
2025-11-25 17:47:16,666 | WARNING | MSFT.OQ.parquet: 219203 rows (below expected 219785)
2025-11-25 17:47:16,691 | WARNING | UNH.N.parquet: 196226 rows (below expected 219785)
2025-11-25 17:47:16,709 | DEBUG | AAPL.OQ.parquet: 219785 rows (meets expected 219785)
2025-11-25 17:47:16,728 | WARNING | ABT.N.parquet: 193123 rows (below expected 219785)
2025-11-25 17:47:16,749 | WARNING | OXY.N.parquet: 193068 rows (below expected 219785)
2025-11-25 17:47:16,774 | WARNING | COST.OQ.parquet: 219466 rows (below expected 219785)
2025-11-25 17:47:16,794 | WARNING | NKE.N.parquet: 196253 rows (below expected 219785)
2025-11-25 17:47:16,814 | WARNING | MON.N.parquet: 192608 rows (below expected 219785)
2025-11-25 17:47:16,837 | WARNING | HD.N.parquet: 195821 rows (below expected 219785)
2025-11-25 17:47:16,859 | WARNING | SPG.N.parquet: 192802 rows (below expected 219785)
2025-11-25 17:47:16,887 | WARNING | DD.N.parquet: 192698 rows (below expected 219785)
2025-11-25 17:47:16,906 | WARNING | LOW.N.parquet: 193045 rows (below expected 219785)
2025-11-25 17:47:16,923 | WARNING | MCD.N.parquet: 195869 rows (below expected 219785)
2025-11-25 17:47:16,943 | WARNING | LMT.N.parquet: 192817 rows (below expected 219785)
2025-11-25 17:47:16,962 | WARNING | ACN.N.parquet: 192675 rows (below expected 219785)
2025-11-25 17:47:16,982 | WARNING | UPS.N.parquet: 192801 rows (below expected 219785)
2025-11-25 17:47:17,000 | WARNING | KMI.N.parquet: 193114 rows (below expected 219785)
2025-11-25 17:47:17,019 | WARNING | COP.N.parquet: 193134 rows (below expected 219785)
2025-11-25 17:47:17,037 | WARNING | NEE.N.parquet: 193087 rows (below expected 219785)
2025-11-25 17:47:17,052 | WARNING | PFE.N.parquet: 193123 rows (below expected 219785)
2025-11-25 17:47:17,070 | WARNING | MDT.N.parquet: 193080 rows (below expected 219785)
2025-11-25 17:47:17,088 | WARNING | INTC.OQ.parquet: 219509 rows (below expected 219785)
2025-11-25 17:47:17,108 | WARNING | HON.N.parquet: 196151 rows (below expected 219785)
2025-11-25 17:47:17,124 | WARNING | MS.N.parquet: 193043 rows (below expected 219785)
2025-11-25 17:47:17,142 | WARNING | FOXA.OQ.parquet: 219460 rows (below expected 219785)
2025-11-25 17:47:17,160 | WARNING | COF.N.parquet: 193052 rows (below expected 219785)
2025-11-25 17:47:17,179 | WARNING | DHR.N.parquet: 192779 rows (below expected 219785)
2025-11-25 17:47:17,200 | WARNING | UTX.N.parquet: 193077 rows (below expected 219785)
2025-11-25 17:47:17,216 | WARNING | WFC.N.parquet: 193006 rows (below expected 219785)
2025-11-25 17:47:17,226 | WARNING | BMY.N.parquet: 193082 rows (below expected 219785)
2025-11-25 17:47:17,241 | WARNING | CELG.OQ.parquet: 219447 rows (below expected 219785)
2025-11-25 17:47:17,250 | WARNING | LLY.N.parquet: 193117 rows (below expected 219785)
2025-11-25 17:47:17,261 | WARNING | BIIB.OQ.parquet: 219276 rows (below expected 219785)
2025-11-25 17:47:17,271 | WARNING | BAC.N.parquet: 193128 rows (below expected 219785)
2025-11-25 17:47:17,283 | WARNING | AIG.N.parquet: 193154 rows (below expected 219785)
2025-11-25 17:47:17,293 | WARNING | DUK.N.parquet: 193105 rows (below expected 219785)
2025-11-25 17:47:17,304 | WARNING | PCLN.OQ.parquet: 214475 rows (below expected 219785)
2025-11-25 17:47:17,313 | WARNING | MET.N.parquet: 193139 rows (below expected 219785)
2025-11-25 17:47:17,326 | WARNING | PM.N.parquet: 193111 rows (below expected 219785)
2025-11-25 17:47:17,335 | WARNING | PG.N.parquet: 195711 rows (below expected 219785)
2025-11-25 17:47:17,345 | WARNING | MRK.N.parquet: 196190 rows (below expected 219785)
2025-11-25 17:47:17,355 | WARNING | BLK.N.parquet: 192359 rows (below expected 219785)
2025-11-25 17:47:17,368 | WARNING | GILD.OQ.parquet: 219442 rows (below expected 219785)
2025-11-25 17:47:17,378 | WARNING | AXP.N.parquet: 196156 rows (below expected 219785)
2025-11-25 17:47:17,389 | WARNING | IBM.N.parquet: 196253 rows (below expected 219785)
2025-11-25 17:47:17,399 | WARNING | TGT.N.parquet: 193028 rows (below expected 219785)
2025-11-25 17:47:17,421 | WARNING | JPM.N.parquet: 195970 rows (below expected 219785)
2025-11-25 17:47:17,431 | WARNING | GM.N.parquet: 192826 rows (below expected 219785)
2025-11-25 17:47:17,440 | WARNING | SLB.N.parquet: 193054 rows (below expected 219785)
2025-11-25 17:47:17,449 | WARNING | BA.N.parquet: 196248 rows (below expected 219785)
2025-11-25 17:47:17,460 | WARNING | GE.N.parquet: 193190 rows (below expected 219785)
2025-11-25 17:47:17,469 | WARNING | WMT.N.parquet: 196250 rows (below expected 219785)
2025-11-25 17:47:17,480 | WARNING | CMCSA.OQ.parquet: 219141 rows (below expected 219785)
2025-11-25 17:47:17,491 | WARNING | MDLZ.OQ.parquet: 219463 rows (below expected 219785)
2025-11-25 17:47:17,500 | WARNING | TWX.N.parquet: 192762 rows (below expected 219785)
2025-11-25 17:47:17,513 | WARNING | QCOM.OQ.parquet: 219192 rows (below expected 219785)
2025-11-25 17:47:17,522 | WARNING | FDX.N.parquet: 193031 rows (below expected 219785)
2025-11-25 17:47:17,533 | WARNING | CL.N.parquet: 193143 rows (below expected 219785)
2025-11-25 17:47:17,546 | WARNING | CVX.N.parquet: 196190 rows (below expected 219785)
2025-11-25 17:47:17,557 | WARNING | MO.N.parquet: 192803 rows (below expected 219785)
2025-11-25 17:47:17,566 | WARNING | GD.N.parquet: 192877 rows (below expected 219785)
2025-11-25 17:47:17,577 | WARNING | KO.N.parquet: 196231 rows (below expected 219785)
2025-11-25 17:47:17,588 | WARNING | ALL.N.parquet: 193156 rows (below expected 219785)
2025-11-25 17:47:17,599 | WARNING | CAT.N.parquet: 196231 rows (below expected 219785)
2025-11-25 17:47:17,609 | WARNING | MMM.N.parquet: 196099 rows (below expected 219785)
2025-11-25 17:47:17,620 | WARNING | EMR.N.parquet: 192758 rows (below expected 219785)
2025-11-25 17:47:17,621 | INFO | Number of tickers with the expected number of rows: 2 out of 90
